%!Adobe-FontList 1.14
%Locale:0x412

%BeginFont
Handler:DirectoryHandler
FontType:CID
FontName:NanumSquareOTFR
FamilyName:NanumSquareOTF
StyleName:Regular
FullName:NanumSquareOTF Regular
MenuName:나눔스퀘어OTF
StyleBits:0
FamilyNameNative:나눔스퀘어OTF
StyleNameNative:Regular
FullNameNative:나눔스퀘어OTF Regular
WritingScript:Korean
OutlineFileName:C:\Users\gram\Desktop\Happy_Bean\Font\NanumSquareR.otf
DataFormat:sfntData
isCFF:yes
FileLength:492584
FileModTime:1725153751
WeightClass:400
WidthClass:5
AngleClass:0
%EndFont

%BeginFont
Handler:DirectoryHandler
FontType:Invalid
OutlineFileName:C:\Users\gram\Desktop\Happy_Bean\Font\NanumSquareR.woff
FileModTime:1725154244
%EndFont

